#Software: Microsoft Internet Information Services 10.0
#Version: 1.0
#Date: 2019-04-24 04:14:58
#Fields: date time s-ip cs-method cs-uri-stem cs-uri-query s-port cs-username c-ip cs(User-Agent) cs(Referer) sc-status sc-substatus sc-win32-status time-taken
2019-04-24 04:14:58 ::1 GET / - 44311 - ::1 Mozilla/5.0+(Windows+NT+10.0;+Win64;+x64)+AppleWebKit/537.36+(KHTML,+like+Gecko)+Chrome/71.0.3578.98+Safari/537.36+OPR/58.0.3135.132 - 200 0 0 8283
2019-04-24 04:14:58 ::1 GET /css/site.css - 44311 - ::1 Mozilla/5.0+(Windows+NT+10.0;+Win64;+x64)+AppleWebKit/537.36+(KHTML,+like+Gecko)+Chrome/71.0.3578.98+Safari/537.36+OPR/58.0.3135.132 https://localhost:44311/ 200 0 0 82
2019-04-24 04:14:58 ::1 GET /images/banner2.svg - 44311 - ::1 Mozilla/5.0+(Windows+NT+10.0;+Win64;+x64)+AppleWebKit/537.36+(KHTML,+like+Gecko)+Chrome/71.0.3578.98+Safari/537.36+OPR/58.0.3135.132 https://localhost:44311/ 200 0 0 82
2019-04-24 04:14:58 ::1 GET /images/banner1.svg - 44311 - ::1 Mozilla/5.0+(Windows+NT+10.0;+Win64;+x64)+AppleWebKit/537.36+(KHTML,+like+Gecko)+Chrome/71.0.3578.98+Safari/537.36+OPR/58.0.3135.132 https://localhost:44311/ 200 0 0 82
2019-04-24 04:14:58 ::1 GET /lib/bootstrap/dist/css/bootstrap.css - 44311 - ::1 Mozilla/5.0+(Windows+NT+10.0;+Win64;+x64)+AppleWebKit/537.36+(KHTML,+like+Gecko)+Chrome/71.0.3578.98+Safari/537.36+OPR/58.0.3135.132 https://localhost:44311/ 200 0 0 95
2019-04-24 04:14:58 ::1 GET /js/site.js v=4q1jwFhaPaZgr8WAUSrux6hAuh0XDg9kPS3xIVq36I0 44311 - ::1 Mozilla/5.0+(Windows+NT+10.0;+Win64;+x64)+AppleWebKit/537.36+(KHTML,+like+Gecko)+Chrome/71.0.3578.98+Safari/537.36+OPR/58.0.3135.132 https://localhost:44311/ 200 0 0 10
2019-04-24 04:14:58 ::1 GET /images/banner3.svg - 44311 - ::1 Mozilla/5.0+(Windows+NT+10.0;+Win64;+x64)+AppleWebKit/537.36+(KHTML,+like+Gecko)+Chrome/71.0.3578.98+Safari/537.36+OPR/58.0.3135.132 https://localhost:44311/ 200 0 0 14
2019-04-24 04:14:58 ::1 GET /lib/bootstrap/dist/js/bootstrap.js - 44311 - ::1 Mozilla/5.0+(Windows+NT+10.0;+Win64;+x64)+AppleWebKit/537.36+(KHTML,+like+Gecko)+Chrome/71.0.3578.98+Safari/537.36+OPR/58.0.3135.132 https://localhost:44311/ 200 0 0 19
2019-04-24 04:14:58 ::1 GET /lib/jquery/dist/jquery.js - 44311 - ::1 Mozilla/5.0+(Windows+NT+10.0;+Win64;+x64)+AppleWebKit/537.36+(KHTML,+like+Gecko)+Chrome/71.0.3578.98+Safari/537.36+OPR/58.0.3135.132 https://localhost:44311/ 200 0 0 22
2019-04-24 04:14:58 ::1 GET /lib/bootstrap/dist/fonts/glyphicons-halflings-regular.woff2 - 44311 - ::1 Mozilla/5.0+(Windows+NT+10.0;+Win64;+x64)+AppleWebKit/537.36+(KHTML,+like+Gecko)+Chrome/71.0.3578.98+Safari/537.36+OPR/58.0.3135.132 https://localhost:44311/lib/bootstrap/dist/css/bootstrap.css 200 0 0 8
2019-04-24 04:14:58 ::1 GET /favicon.ico - 44311 - ::1 Mozilla/5.0+(Windows+NT+10.0;+Win64;+x64)+AppleWebKit/537.36+(KHTML,+like+Gecko)+Chrome/71.0.3578.98+Safari/537.36+OPR/58.0.3135.132 https://localhost:44311/ 200 0 0 4
2019-04-24 04:15:36 ::1 GET /Home/Contact - 44311 - ::1 Mozilla/5.0+(Windows+NT+10.0;+Win64;+x64)+AppleWebKit/537.36+(KHTML,+like+Gecko)+Chrome/71.0.3578.98+Safari/537.36+OPR/58.0.3135.132 https://localhost:44311/ 200 0 0 15
2019-04-24 04:15:44 ::1 GET /Home/About - 44311 - ::1 Mozilla/5.0+(Windows+NT+10.0;+Win64;+x64)+AppleWebKit/537.36+(KHTML,+like+Gecko)+Chrome/71.0.3578.98+Safari/537.36+OPR/58.0.3135.132 https://localhost:44311/Home/Contact 200 0 0 14
2019-04-24 04:15:46 ::1 GET / - 44311 - ::1 Mozilla/5.0+(Windows+NT+10.0;+Win64;+x64)+AppleWebKit/537.36+(KHTML,+like+Gecko)+Chrome/71.0.3578.98+Safari/537.36+OPR/58.0.3135.132 https://localhost:44311/Home/About 200 0 0 8
#Software: Microsoft Internet Information Services 10.0
#Version: 1.0
#Date: 2019-04-24 11:03:00
#Fields: date time s-ip cs-method cs-uri-stem cs-uri-query s-port cs-username c-ip cs(User-Agent) cs(Referer) sc-status sc-substatus sc-win32-status time-taken
2019-04-24 11:03:00 ::1 DEBUG / - 6822 - ::1 - - 502 5 64 24140
2019-04-24 11:03:03 ::1 GET / - 44311 - ::1 Mozilla/5.0+(Windows+NT+10.0;+Win64;+x64)+AppleWebKit/537.36+(KHTML,+like+Gecko)+Chrome/71.0.3578.98+Safari/537.36+OPR/58.0.3135.132 - 200 0 0 13883
2019-04-24 11:03:03 ::1 GET /css/site.css - 44311 - ::1 Mozilla/5.0+(Windows+NT+10.0;+Win64;+x64)+AppleWebKit/537.36+(KHTML,+like+Gecko)+Chrome/71.0.3578.98+Safari/537.36+OPR/58.0.3135.132 https://localhost:44311/ 304 0 0 71
2019-04-24 11:03:03 ::1 GET /lib/jquery/dist/jquery.js - 44311 - ::1 Mozilla/5.0+(Windows+NT+10.0;+Win64;+x64)+AppleWebKit/537.36+(KHTML,+like+Gecko)+Chrome/71.0.3578.98+Safari/537.36+OPR/58.0.3135.132 https://localhost:44311/ 304 0 0 71
2019-04-24 11:03:03 ::1 GET /lib/bootstrap/dist/css/bootstrap.css - 44311 - ::1 Mozilla/5.0+(Windows+NT+10.0;+Win64;+x64)+AppleWebKit/537.36+(KHTML,+like+Gecko)+Chrome/71.0.3578.98+Safari/537.36+OPR/58.0.3135.132 https://localhost:44311/ 304 0 0 71
2019-04-24 11:03:03 ::1 GET /lib/bootstrap/dist/js/bootstrap.js - 44311 - ::1 Mozilla/5.0+(Windows+NT+10.0;+Win64;+x64)+AppleWebKit/537.36+(KHTML,+like+Gecko)+Chrome/71.0.3578.98+Safari/537.36+OPR/58.0.3135.132 https://localhost:44311/ 304 0 0 4
2019-04-24 11:03:03 ::1 GET /js/site.js v=4q1jwFhaPaZgr8WAUSrux6hAuh0XDg9kPS3xIVq36I0 44311 - ::1 Mozilla/5.0+(Windows+NT+10.0;+Win64;+x64)+AppleWebKit/537.36+(KHTML,+like+Gecko)+Chrome/71.0.3578.98+Safari/537.36+OPR/58.0.3135.132 https://localhost:44311/ 304 0 0 5
2019-04-24 11:03:03 ::1 GET /images/banner1.svg - 44311 - ::1 Mozilla/5.0+(Windows+NT+10.0;+Win64;+x64)+AppleWebKit/537.36+(KHTML,+like+Gecko)+Chrome/71.0.3578.98+Safari/537.36+OPR/58.0.3135.132 https://localhost:44311/ 304 0 0 5
2019-04-24 11:03:03 ::1 GET /images/banner2.svg - 44311 - ::1 Mozilla/5.0+(Windows+NT+10.0;+Win64;+x64)+AppleWebKit/537.36+(KHTML,+like+Gecko)+Chrome/71.0.3578.98+Safari/537.36+OPR/58.0.3135.132 https://localhost:44311/ 304 0 0 7
2019-04-24 11:03:03 ::1 GET /images/banner3.svg - 44311 - ::1 Mozilla/5.0+(Windows+NT+10.0;+Win64;+x64)+AppleWebKit/537.36+(KHTML,+like+Gecko)+Chrome/71.0.3578.98+Safari/537.36+OPR/58.0.3135.132 https://localhost:44311/ 304 0 0 1
2019-04-24 11:03:03 ::1 GET /lib/bootstrap/dist/fonts/glyphicons-halflings-regular.woff2 - 44311 - ::1 Mozilla/5.0+(Windows+NT+10.0;+Win64;+x64)+AppleWebKit/537.36+(KHTML,+like+Gecko)+Chrome/71.0.3578.98+Safari/537.36+OPR/58.0.3135.132 https://localhost:44311/lib/bootstrap/dist/css/bootstrap.css 304 0 0 2
2019-04-24 11:09:04 ::1 GET /Home/About - 44311 - ::1 Mozilla/5.0+(Windows+NT+10.0;+Win64;+x64)+AppleWebKit/537.36+(KHTML,+like+Gecko)+Chrome/71.0.3578.98+Safari/537.36+OPR/58.0.3135.132 https://localhost:44311/ 200 0 0 20
#Software: Microsoft Internet Information Services 10.0
#Version: 1.0
#Date: 2019-04-24 11:10:24
#Fields: date time s-ip cs-method cs-uri-stem cs-uri-query s-port cs-username c-ip cs(User-Agent) cs(Referer) sc-status sc-substatus sc-win32-status time-taken
2019-04-24 11:10:24 ::1 GET / - 44311 - ::1 Mozilla/5.0+(Windows+NT+10.0;+Win64;+x64)+AppleWebKit/537.36+(KHTML,+like+Gecko)+Chrome/71.0.3578.98+Safari/537.36+OPR/58.0.3135.132 - 200 0 0 1961
2019-04-24 11:10:27 ::1 GET /Home/About - 44311 - ::1 Mozilla/5.0+(Windows+NT+10.0;+Win64;+x64)+AppleWebKit/537.36+(KHTML,+like+Gecko)+Chrome/71.0.3578.98+Safari/537.36+OPR/58.0.3135.132 https://localhost:44311/ 200 0 0 16
2019-04-24 11:14:00 ::1 GET /Home/About - 44311 - ::1 Mozilla/5.0+(Windows+NT+10.0;+Win64;+x64)+AppleWebKit/537.36+(KHTML,+like+Gecko)+Chrome/71.0.3578.98+Safari/537.36+OPR/58.0.3135.132 https://localhost:44311/ 200 0 0 7
2019-04-24 11:14:00 ::1 GET /favicon.ico - 44311 - ::1 Mozilla/5.0+(Windows+NT+10.0;+Win64;+x64)+AppleWebKit/537.36+(KHTML,+like+Gecko)+Chrome/71.0.3578.98+Safari/537.36+OPR/58.0.3135.132 https://localhost:44311/Home/About 200 0 0 16
#Software: Microsoft Internet Information Services 10.0
#Version: 1.0
#Date: 2019-04-24 11:14:24
#Fields: date time s-ip cs-method cs-uri-stem cs-uri-query s-port cs-username c-ip cs(User-Agent) cs(Referer) sc-status sc-substatus sc-win32-status time-taken
2019-04-24 11:14:24 ::1 DEBUG / - 6822 - ::1 - - 502 5 64 15390
2019-04-24 11:14:25 ::1 GET / - 44311 - ::1 Mozilla/5.0+(Windows+NT+10.0;+Win64;+x64)+AppleWebKit/537.36+(KHTML,+like+Gecko)+Chrome/71.0.3578.98+Safari/537.36+OPR/58.0.3135.132 - 502 3 64 11912
#Software: Microsoft Internet Information Services 10.0
#Version: 1.0
#Date: 2019-04-24 11:14:53
#Fields: date time s-ip cs-method cs-uri-stem cs-uri-query s-port cs-username c-ip cs(User-Agent) cs(Referer) sc-status sc-substatus sc-win32-status time-taken
2019-04-24 11:14:53 ::1 GET / - 44311 - ::1 Mozilla/5.0+(Windows+NT+10.0;+Win64;+x64)+AppleWebKit/537.36+(KHTML,+like+Gecko)+Chrome/71.0.3578.98+Safari/537.36+OPR/58.0.3135.132 - 200 0 0 1243
2019-04-24 11:14:56 ::1 GET /Home/About - 44311 - ::1 Mozilla/5.0+(Windows+NT+10.0;+Win64;+x64)+AppleWebKit/537.36+(KHTML,+like+Gecko)+Chrome/71.0.3578.98+Safari/537.36+OPR/58.0.3135.132 https://localhost:44311/ 200 0 0 18
2019-04-24 11:16:51 ::1 GET / - 44311 - ::1 Mozilla/5.0+(Windows+NT+10.0;+Win64;+x64)+AppleWebKit/537.36+(KHTML,+like+Gecko)+Chrome/71.0.3578.98+Safari/537.36+OPR/58.0.3135.132 - 200 0 0 1531
2019-04-24 11:16:53 ::1 GET /Home/About - 44311 - ::1 Mozilla/5.0+(Windows+NT+10.0;+Win64;+x64)+AppleWebKit/537.36+(KHTML,+like+Gecko)+Chrome/71.0.3578.98+Safari/537.36+OPR/58.0.3135.132 https://localhost:44311/ 200 0 0 19
#Software: Microsoft Internet Information Services 10.0
#Version: 1.0
#Date: 2019-04-24 11:52:19
#Fields: date time s-ip cs-method cs-uri-stem cs-uri-query s-port cs-username c-ip cs(User-Agent) cs(Referer) sc-status sc-substatus sc-win32-status time-taken
2019-04-24 11:52:19 ::1 GET / - 44311 - ::1 Mozilla/5.0+(Windows+NT+10.0;+Win64;+x64)+AppleWebKit/537.36+(KHTML,+like+Gecko)+Chrome/71.0.3578.98+Safari/537.36+OPR/58.0.3135.132 - 200 0 0 2303
2019-04-24 11:52:19 ::1 GET /css/site.css - 44311 - ::1 Mozilla/5.0+(Windows+NT+10.0;+Win64;+x64)+AppleWebKit/537.36+(KHTML,+like+Gecko)+Chrome/71.0.3578.98+Safari/537.36+OPR/58.0.3135.132 https://localhost:44311/ 304 0 0 40
2019-04-24 11:52:19 ::1 GET /images/banner2.svg - 44311 - ::1 Mozilla/5.0+(Windows+NT+10.0;+Win64;+x64)+AppleWebKit/537.36+(KHTML,+like+Gecko)+Chrome/71.0.3578.98+Safari/537.36+OPR/58.0.3135.132 https://localhost:44311/ 304 0 0 48
2019-04-24 11:52:19 ::1 GET /images/banner1.svg - 44311 - ::1 Mozilla/5.0+(Windows+NT+10.0;+Win64;+x64)+AppleWebKit/537.36+(KHTML,+like+Gecko)+Chrome/71.0.3578.98+Safari/537.36+OPR/58.0.3135.132 https://localhost:44311/ 304 0 0 50
2019-04-24 11:52:19 ::1 GET /lib/bootstrap/dist/css/bootstrap.css - 44311 - ::1 Mozilla/5.0+(Windows+NT+10.0;+Win64;+x64)+AppleWebKit/537.36+(KHTML,+like+Gecko)+Chrome/71.0.3578.98+Safari/537.36+OPR/58.0.3135.132 https://localhost:44311/ 304 0 0 53
2019-04-24 11:52:19 ::1 GET /lib/bootstrap/dist/js/bootstrap.js - 44311 - ::1 Mozilla/5.0+(Windows+NT+10.0;+Win64;+x64)+AppleWebKit/537.36+(KHTML,+like+Gecko)+Chrome/71.0.3578.98+Safari/537.36+OPR/58.0.3135.132 https://localhost:44311/ 304 0 0 10
2019-04-24 11:52:19 ::1 GET /lib/jquery/dist/jquery.js - 44311 - ::1 Mozilla/5.0+(Windows+NT+10.0;+Win64;+x64)+AppleWebKit/537.36+(KHTML,+like+Gecko)+Chrome/71.0.3578.98+Safari/537.36+OPR/58.0.3135.132 https://localhost:44311/ 304 0 0 11
2019-04-24 11:52:19 ::1 GET /images/banner3.svg - 44311 - ::1 Mozilla/5.0+(Windows+NT+10.0;+Win64;+x64)+AppleWebKit/537.36+(KHTML,+like+Gecko)+Chrome/71.0.3578.98+Safari/537.36+OPR/58.0.3135.132 https://localhost:44311/ 304 0 0 22
2019-04-24 11:52:19 ::1 GET /js/site.js v=4q1jwFhaPaZgr8WAUSrux6hAuh0XDg9kPS3xIVq36I0 44311 - ::1 Mozilla/5.0+(Windows+NT+10.0;+Win64;+x64)+AppleWebKit/537.36+(KHTML,+like+Gecko)+Chrome/71.0.3578.98+Safari/537.36+OPR/58.0.3135.132 https://localhost:44311/ 304 0 0 22
2019-04-24 11:52:19 ::1 GET /lib/bootstrap/dist/fonts/glyphicons-halflings-regular.woff2 - 44311 - ::1 Mozilla/5.0+(Windows+NT+10.0;+Win64;+x64)+AppleWebKit/537.36+(KHTML,+like+Gecko)+Chrome/71.0.3578.98+Safari/537.36+OPR/58.0.3135.132 https://localhost:44311/lib/bootstrap/dist/css/bootstrap.css 304 0 0 4
2019-04-24 11:52:30 ::1 GET /Departaments - 44311 - ::1 Mozilla/5.0+(Windows+NT+10.0;+Win64;+x64)+AppleWebKit/537.36+(KHTML,+like+Gecko)+Chrome/71.0.3578.98+Safari/537.36+OPR/58.0.3135.132 - 200 0 0 308
